Base path: /Users/flow2dot0-osx/Desktop/Unity/2018.4.18f1/Unity.app/Contents
Cmd: initializeCompiler
Cmd: translateComputeKernel
  api=14 insize=841 outsize=785 ok=1
Cmd: compileComputeKernel
  api=14 insize=10881 outsize=10709 ok=1
Cmd: compileComputeKernel
  api=14 insize=4855 outsize=5549 ok=1
Cmd: compileComputeKernel
  api=14 insize=18299 outsize=9721 ok=1
Cmd: translateComputeKernel
  api=14 insize=9397 outsize=16205 ok=1
Cmd: translateComputeKernel
  api=14 insize=11797 outsize=25505 ok=1
Cmd: translateComputeKernel
  api=14 insize=2001 outsize=3541 ok=1
Cmd: translateComputeKernel
  api=14 insize=1505 outsize=2273 ok=1
Cmd: initializeCompiler

Quitting shader compiler process
